TN:
SF:src\modules\statements\entities\Statement.ts
FN:45,Statement
FN:26,Object.<anonymous>.typeorm_1.JoinColumn.name
FNF:2
FNH:1
FNDA:3,Statement
FNDA:0,Object.<anonymous>.typeorm_1.JoinColumn.name
DA:1,1
DA:2,1
DA:3,1
DA:4,1
DA:5,1
DA:6,1
DA:7,1
DA:8,1
DA:9,1
DA:10,1
DA:11,1
DA:12,1
DA:13,6
DA:14,6
DA:15,6
DA:16,6
DA:17,1
DA:18,1
DA:19,6
DA:20,6
DA:21,6
DA:22,6
DA:23,6
DA:24,6
DA:25,6
DA:26,6
DA:27,6
DA:28,6
DA:29,6
DA:30,6
DA:31,6
DA:32,6
DA:33,6
DA:34,6
DA:35,6
DA:36,6
DA:37,6
DA:38,6
DA:39,6
DA:40,6
DA:41,6
DA:42,6
DA:43,6
DA:44,6
DA:45,6
DA:46,3
DA:47,3
DA:48,3
DA:49,3
DA:50,6
LF:50
LH:50
BRDA:13,0,0,6
BRDA:19,1,0,6
BRDA:45,2,0,3
BRF:3
BRH:3
end_of_record
TN:
SF:src\modules\statements\repositories\in-memory\InMemoryStatementsRepository.ts
FN:7,InMemoryStatementsRepository
FN:10,Object.<anonymous>.InMemoryStatementsRepository.create
FN:20,Object.<anonymous>.InMemoryStatementsRepository.findStatementOperation
FN:27,Object.<anonymous>.InMemoryStatementsRepository.getUserBalance
FNF:4
FNH:4
FNDA:7,InMemoryStatementsRepository
FNDA:3,Object.<anonymous>.InMemoryStatementsRepository.create
FNDA:1,Object.<anonymous>.InMemoryStatementsRepository.findStatementOperation
FNDA:3,Object.<anonymous>.InMemoryStatementsRepository.getUserBalance
DA:1,1
DA:2,1
DA:3,1
DA:4,1
DA:5,1
DA:6,1
DA:7,7
DA:8,7
DA:9,7
DA:10,7
DA:11,3
DA:12,3
DA:13,3
DA:14,3
DA:15,3
DA:16,3
DA:17,3
DA:18,3
DA:19,7
DA:20,7
DA:21,1
DA:22,1
DA:23,1
DA:24,1
DA:25,1
DA:26,7
DA:27,7
DA:28,3
DA:29,3
DA:30,3
DA:31,3
DA:32,3
DA:33,3
DA:34,3
DA:35,1
DA:36,1
DA:37,1
DA:38,0
DA:39,0
DA:40,3
DA:41,3
DA:42,3
DA:43,1
DA:44,1
DA:45,1
DA:46,1
DA:47,1
DA:48,3
DA:49,3
DA:50,3
DA:51,7
LF:51
LH:49
BRDA:7,0,0,3
BRDA:7,1,0,7
BRDA:10,2,0,3
BRDA:20,3,0,1
BRDA:21,4,0,1
BRDA:27,5,0,3
BRDA:27,6,0,2
BRDA:27,7,0,1
BRDA:42,8,0,1
BRDA:32,9,0,1
BRDA:34,10,0,1
BRDA:37,11,0,0
BRF:12
BRH:11
end_of_record
TN:
SF:src\modules\statements\useCases\createStatement\CreateStatementUseCase.ts
FN:10,CreateStatementUseCase
FN:18,Object.<anonymous>.CreateStatementUseCase.execute
FNF:2
FNH:2
FNDA:5,CreateStatementUseCase
FNDA:5,Object.<anonymous>.CreateStatementUseCase.execute
DA:1,1
DA:2,1
DA:3,1
DA:4,1
DA:5,1
DA:6,1
DA:7,1
DA:8,1
DA:9,2
DA:10,2
DA:11,5
DA:12,5
DA:13,5
DA:14,5
DA:15,5
DA:16,5
DA:17,2
DA:18,2
DA:19,5
DA:20,5
DA:21,5
DA:22,1
DA:23,1
DA:24,4
DA:25,4
DA:26,2
DA:27,5
DA:28,5
DA:29,5
DA:30,5
DA:31,5
DA:32,5
DA:33,5
DA:34,3
DA:35,3
DA:36,3
DA:37,3
DA:38,3
DA:39,5
DA:40,5
DA:41,5
DA:42,2
LF:42
LH:42
BRDA:9,0,0,2
BRDA:10,1,0,5
BRDA:18,2,0,5
BRDA:19,3,0,5
BRDA:21,4,0,1
BRDA:24,5,0,4
BRDA:25,6,0,2
BRDA:33,7,0,3
BRF:8
BRH:8
end_of_record
TN:
SF:src\modules\statements\useCases\getBalance\GetBalanceUseCase.ts
FN:19,GetBalanceUseCase
FN:27,Object.<anonymous>.GetBalanceUseCase.execute
FNF:2
FNH:2
FNDA:2,GetBalanceUseCase
FNDA:2,Object.<anonymous>.GetBalanceUseCase.execute
DA:1,1
DA:2,1
DA:3,1
DA:4,1
DA:5,1
DA:6,1
DA:7,1
DA:8,1
DA:9,1
DA:10,1
DA:11,1
DA:12,1
DA:13,1
DA:14,1
DA:15,1
DA:16,1
DA:17,1
DA:18,1
DA:19,1
DA:20,2
DA:21,2
DA:22,2
DA:23,2
DA:24,2
DA:25,2
DA:26,1
DA:27,1
DA:28,2
DA:29,2
DA:30,2
DA:31,1
DA:32,1
DA:33,1
DA:34,1
DA:35,1
DA:36,1
DA:37,1
DA:38,2
DA:39,2
DA:40,2
DA:41,1
LF:41
LH:41
BRDA:18,0,0,1
BRDA:19,1,0,2
BRDA:27,2,0,2
BRDA:28,3,0,2
BRDA:30,4,0,1
BRF:5
BRH:5
end_of_record
TN:
SF:src\modules\statements\useCases\getStatementOperation\GetStatementOperationUseCase.ts
FN:14,GetStatementOperationUseCase
FN:22,Object.<anonymous>.GetStatementOperationUseCase.execute
FNF:2
FNH:2
FNDA:2,GetStatementOperationUseCase
FNDA:2,Object.<anonymous>.GetStatementOperationUseCase.execute
DA:1,1
DA:2,1
DA:3,1
DA:4,1
DA:5,1
DA:6,1
DA:7,1
DA:8,1
DA:9,1
DA:10,1
DA:11,1
DA:12,1
DA:13,1
DA:14,1
DA:15,2
DA:16,2
DA:17,2
DA:18,2
DA:19,2
DA:20,2
DA:21,1
DA:22,1
DA:23,2
DA:24,2
DA:25,2
DA:26,1
DA:27,1
DA:28,1
DA:29,1
DA:30,1
DA:31,2
DA:32,2
DA:33,0
DA:34,0
DA:35,2
DA:36,2
DA:37,2
DA:38,1
LF:38
LH:36
BRDA:13,0,0,1
BRDA:14,1,0,2
BRDA:22,2,0,2
BRDA:23,3,0,2
BRDA:25,4,0,1
BRDA:32,5,0,0
BRF:6
BRH:5
end_of_record
TN:
SF:src\modules\users\entities\User.ts
FN:35,User
FNF:1
FNH:1
FNDA:8,User
DA:1,1
DA:2,1
DA:3,1
DA:4,1
DA:5,1
DA:6,1
DA:7,1
DA:8,1
DA:9,1
DA:10,1
DA:11,1
DA:12,1
DA:13,6
DA:14,6
DA:15,6
DA:16,6
DA:17,6
DA:18,6
DA:19,6
DA:20,6
DA:21,6
DA:22,6
DA:23,6
DA:24,6
DA:25,6
DA:26,6
DA:27,6
DA:28,6
DA:29,6
DA:30,6
DA:31,6
DA:32,6
DA:33,6
DA:34,6
DA:35,6
DA:36,8
DA:37,8
DA:38,8
DA:39,8
DA:40,6
LF:40
LH:40
BRDA:13,0,0,6
BRDA:35,1,0,8
BRF:2
BRH:2
end_of_record
TN:
SF:src\modules\users\repositories\in-memory\InMemoryUsersRepository.ts
FN:6,InMemoryUsersRepository
FN:9,Object.<anonymous>.InMemoryUsersRepository.findByEmail
FN:13,Object.<anonymous>.InMemoryUsersRepository.findById
FN:17,Object.<anonymous>.InMemoryUsersRepository.create
FNF:4
FNH:4
FNDA:13,InMemoryUsersRepository
FNDA:12,Object.<anonymous>.InMemoryUsersRepository.findByEmail
FNDA:10,Object.<anonymous>.InMemoryUsersRepository.findById
FNDA:8,Object.<anonymous>.InMemoryUsersRepository.create
DA:1,1
DA:2,1
DA:3,1
DA:4,1
DA:5,1
DA:6,13
DA:7,13
DA:8,13
DA:9,13
DA:10,12
DA:11,12
DA:12,13
DA:13,13
DA:14,10
DA:15,10
DA:16,13
DA:17,13
DA:18,8
DA:19,8
DA:20,8
DA:21,8
DA:22,8
DA:23,13
LF:23
LH:23
BRDA:6,0,0,6
BRDA:6,1,0,13
BRDA:9,2,0,12
BRDA:10,3,0,2
BRDA:13,4,0,10
BRDA:14,5,0,7
BRDA:17,6,0,8
BRF:7
BRH:7
end_of_record
TN:
SF:src\modules\users\useCases\authenticateUser\AuthenticateUserUseCase.ts
FN:18,AuthenticateUserUseCase
FN:23,Object.<anonymous>.AuthenticateUserUseCase.execute
FNF:2
FNH:2
FNDA:3,AuthenticateUserUseCase
FNDA:3,Object.<anonymous>.AuthenticateUserUseCase.execute
DA:1,1
DA:2,1
DA:3,1
DA:4,1
DA:5,1
DA:6,1
DA:7,1
DA:8,1
DA:9,1
DA:10,1
DA:11,1
DA:12,1
DA:13,1
DA:14,1
DA:15,1
DA:16,1
DA:17,1
DA:18,1
DA:19,3
DA:20,3
DA:21,3
DA:22,1
DA:23,1
DA:24,3
DA:25,3
DA:26,3
DA:27,1
DA:28,1
DA:29,2
DA:30,2
DA:31,3
DA:32,3
DA:33,0
DA:34,0
DA:35,3
DA:36,3
DA:37,3
DA:38,3
DA:39,3
DA:40,3
DA:41,3
DA:42,3
DA:43,3
DA:44,3
DA:45,3
DA:46,3
DA:47,3
DA:48,3
DA:49,3
DA:50,3
DA:51,3
DA:52,1
LF:52
LH:50
BRDA:17,0,0,1
BRDA:18,1,0,3
BRDA:23,2,0,3
BRDA:24,3,0,3
BRDA:26,4,0,1
BRDA:29,5,0,2
BRDA:32,6,0,0
BRF:7
BRH:6
end_of_record
TN:
SF:src\modules\users\useCases\createUser\CreateUserUseCase.ts
FN:11,CreateUserUseCase
FN:16,Object.<anonymous>.CreateUserUseCase.execute
FNF:2
FNH:2
FNDA:13,CreateUserUseCase
FNDA:9,Object.<anonymous>.CreateUserUseCase.execute
DA:1,1
DA:2,1
DA:3,1
DA:4,1
DA:5,1
DA:6,1
DA:7,1
DA:8,1
DA:9,1
DA:10,6
DA:11,6
DA:12,13
DA:13,13
DA:14,13
DA:15,6
DA:16,6
DA:17,9
DA:18,9
DA:19,9
DA:20,0
DA:21,0
DA:22,9
DA:23,9
DA:24,9
DA:25,9
DA:26,9
DA:27,9
DA:28,9
DA:29,9
DA:30,9
DA:31,9
DA:32,9
DA:33,6
LF:33
LH:31
BRDA:10,0,0,6
BRDA:11,1,0,13
BRDA:16,2,0,9
BRDA:17,3,0,9
BRDA:19,4,0,0
BRF:5
BRH:4
end_of_record
TN:
SF:src\modules\users\useCases\showUserProfile\ShowUserProfileUseCase.ts
FN:8,ShowUserProfileUseCase
FN:13,Object.<anonymous>.ShowUserProfileUseCase.execute
FNF:2
FNH:2
FNDA:1,ShowUserProfileUseCase
FNDA:1,Object.<anonymous>.ShowUserProfileUseCase.execute
DA:1,1
DA:2,1
DA:3,1
DA:4,1
DA:5,1
DA:6,1
DA:7,1
DA:8,1
DA:9,1
DA:10,1
DA:11,1
DA:12,1
DA:13,1
DA:14,1
DA:15,1
DA:16,1
DA:17,0
DA:18,0
DA:19,1
DA:20,1
DA:21,1
DA:22,1
LF:22
LH:20
BRDA:7,0,0,1
BRDA:8,1,0,1
BRDA:13,2,0,1
BRDA:14,3,0,1
BRDA:16,4,0,0
BRF:5
BRH:4
end_of_record
TN:
SF:src\shared\errors\AppError.ts
FN:6,AppError
FNF:1
FNH:1
FNDA:5,AppError
DA:1,6
DA:2,6
DA:3,6
DA:4,6
DA:5,6
DA:6,6
DA:7,5
DA:8,5
DA:9,5
DA:10,6
LF:10
LH:10
BRDA:1,0,0,6
BRDA:6,1,0,5
BRDA:6,2,0,0
BRF:3
BRH:2
end_of_record
